f:\projecthandwrite\github\opengllearn\opengllearn\x64\debug\vc143.pdb
f:\projecthandwrite\github\opengllearn\opengllearn\x64\debug\vc143.idb
f:\projecthandwrite\github\opengllearn\opengllearn\x64\debug\vertexbufferlayou.obj
f:\projecthandwrite\github\opengllearn\opengllearn\x64\debug\vertexbuffer.obj
f:\projecthandwrite\github\opengllearn\opengllearn\x64\debug\vertexarray.obj
f:\projecthandwrite\github\opengllearn\opengllearn\x64\debug\stb_image.obj
f:\projecthandwrite\github\opengllearn\opengllearn\x64\debug\imgui_widgets.obj
f:\projecthandwrite\github\opengllearn\opengllearn\x64\debug\imgui_tables.obj
f:\projecthandwrite\github\opengllearn\opengllearn\x64\debug\imgui_impl_opengl3.obj
f:\projecthandwrite\github\opengllearn\opengllearn\x64\debug\imgui_impl_glfw.obj
f:\projecthandwrite\github\opengllearn\opengllearn\x64\debug\imgui_draw.obj
f:\projecthandwrite\github\opengllearn\opengllearn\x64\debug\imgui_demo.obj
f:\projecthandwrite\github\opengllearn\opengllearn\x64\debug\imgui.obj
f:\projecthandwrite\github\opengllearn\opengllearn\x64\debug\texture.obj
f:\projecthandwrite\github\opengllearn\opengllearn\x64\debug\testclearcolor.obj
f:\projecthandwrite\github\opengllearn\opengllearn\x64\debug\test.obj
f:\projecthandwrite\github\opengllearn\opengllearn\x64\debug\shader.obj
f:\projecthandwrite\github\opengllearn\opengllearn\x64\debug\renderer.obj
f:\projecthandwrite\github\opengllearn\opengllearn\x64\debug\indexbuffer.obj
f:\projecthandwrite\github\opengllearn\opengllearn\x64\debug\application.obj
f:\projecthandwrite\github\opengllearn\opengllearn\x64\debug\opengllearn.ilk
f:\projecthandwrite\github\opengllearn\x64\debug\opengllearn.exe
f:\projecthandwrite\github\opengllearn\x64\debug\opengllearn.pdb
f:\projecthandwrite\github\opengllearn\opengllearn\x64\debug\opengllearn.tlog\cl.command.1.tlog
f:\projecthandwrite\github\opengllearn\opengllearn\x64\debug\opengllearn.tlog\cl.read.1.tlog
f:\projecthandwrite\github\opengllearn\opengllearn\x64\debug\opengllearn.tlog\cl.write.1.tlog
f:\projecthandwrite\github\opengllearn\opengllearn\x64\debug\opengllearn.tlog\link.command.1.tlog
f:\projecthandwrite\github\opengllearn\opengllearn\x64\debug\opengllearn.tlog\link.read.1.tlog
f:\projecthandwrite\github\opengllearn\opengllearn\x64\debug\opengllearn.tlog\link.write.1.tlog
